<?xml version="1.0" encoding="UTF-8"?>
<!-- Generated by org.testng.reporters.JUnitReportReporter -->
<testsuite hostname="ujenkins" name="Admission.TestSuite" tests="1" failures="0" timestamp="6 Nov 2017 07:35:27 GMT" time="0.005" errors="0">
  <testcase name="Login" time="0.005" classname="Admission.TestSuite"/>
</testsuite> <!-- Admission.TestSuite -->
